[    0.000000] Linux version 4.15.0-212-generic (buildd@lcy02-amd64-083) (gcc version 7.5.0 (Ubuntu 7.5.0-3ubuntu1~18.04)) #223-Ubuntu SMP Tue May 23 13:09:22 UTC 2023 (Ubuntu 4.15.0-212.223-generic 4.15.18)
[    0.000000] Command line: BOOT_IMAGE=/boot/vmlinuz-4.15.0-212-generic root=UUID=89e2ce95-7e07-4798-840d-fe5a6747dd27 ro console=tty1 console=ttyS0
[    0.000000] KERNEL supported cpus:
[    0.000000]   Intel GenuineIntel
[    0.000000]   AMD AuthenticAMD
[    0.000000]   Centaur CentaurHauls
[    0.000000] [Firmware Bug]: TSC doesn't count with P0 frequency!
[    0.000000] x86/fpu: Supporting XSAVE feature 0x001: 'x87 floating point registers'
[    0.000000] x86/fpu: Supporting XSAVE feature 0x002: 'SSE registers'
[    0.000000] x86/fpu: Supporting XSAVE feature 0x004: 'AVX registers'
[    0.000000] x86/fpu: xstate_offset[2]:  576, xstate_sizes[2]:  256
[    0.000000] x86/fpu: Enabled xstate features 0x7, context size is 832 bytes, using 'standard' format.
[    0.000000] e820: BIOS-provided physical RAM map:
[    0.000000] BIOS-e820: [mem 0x0000000000000000-0x000000000009fbff] usable
[    0.000000] BIOS-e820: [mem 0x000000000009fc00-0x000000000009ffff] reserved
[    0.000000] BIOS-e820: [mem 0x00000000000f0000-0x00000000000fffff] reserved
[    0.000000] BIOS-e820: [mem 0x0000000000100000-0x000000007ffeffff] usable
[    0.000000] BIOS-e820: [mem 0x000000007fff0000-0x000000007fffffff] ACPI data
[    0.000000] BIOS-e820: [mem 0x00000000fec00000-0x00000000fec00fff] reserved
[    0.000000] BIOS-e820: [mem 0x00000000fee00000-0x00000000fee00fff] reserved
[    0.000000] BIOS-e820: [mem 0x00000000fffc0000-0x00000000ffffffff] reserved
[    0.000000] NX (Execute Disable) protection: active
[    0.000000] SMBIOS 2.5 present.
[    0.000000] DMI: innotek GmbH VirtualBox/VirtualBox, BIOS VirtualBox 12/01/2006
[    0.000000] Hypervisor detected: KVM
[    0.000000] e820: last_pfn = 0x7fff0 max_arch_pfn = 0x400000000
[    0.000000] MTRR: Disabled
[    0.000000] x86/PAT: MTRRs disabled, skipping PAT initialization too.
[    0.000000] CPU MTRRs all blank - virtualized system.
[    0.000000] x86/PAT: Configuration [0-7]: WB  WT  UC- UC  WB  WT  UC- UC  
[    0.000000] found SMP MP-table at [mem 0x0009fff0-0x0009ffff]
[    0.000000] Scanning 1 areas for low memory corruption
[    0.000000] RAMDISK: [mem 0x35819000-0x36c03fff]
[    0.000000] ACPI: Early table checksum verification disabled
[    0.000000] ACPI: RSDP 0x00000000000E0000 000024 (v02 VBOX  )
[    0.000000] ACPI: XSDT 0x000000007FFF0030 00003C (v01 VBOX   VBOXXSDT 00000001 ASL  00000061)
[    0.000000] ACPI: FACP 0x000000007FFF00F0 0000F4 (v04 VBOX   VBOXFACP 00000001 ASL  00000061)
[    0.000000] ACPI: DSDT 0x000000007FFF0610 002353 (v02 VBOX   VBOXBIOS 00000002 INTL 20221020)
[    0.000000] ACPI: FACS 0x000000007FFF0200 000040
[    0.000000] ACPI: FACS 0x000000007FFF0200 000040
[    0.000000] ACPI: APIC 0x000000007FFF0240 00005C (v02 VBOX   VBOXAPIC 00000001 ASL  00000061)
[    0.000000] ACPI: SSDT 0x000000007FFF02A0 00036C (v01 VBOX   VBOXCPUT 00000002 INTL 20221020)
[    0.000000] ACPI: Reserving FACP table memory at [mem 0x7fff00f0-0x7fff01e3]
[    0.000000] ACPI: Reserving DSDT table memory at [mem 0x7fff0610-0x7fff2962]
[    0.000000] ACPI: Reserving FACS table memory at [mem 0x7fff0200-0x7fff023f]
[    0.000000] ACPI: Reserving FACS table memory at [mem 0x7fff0200-0x7fff023f]
[    0.000000] ACPI: Reserving APIC table memory at [mem 0x7fff0240-0x7fff029b]
[    0.000000] ACPI: Reserving SSDT table memory at [mem 0x7fff02a0-0x7fff060b]
[    0.000000] No NUMA configuration found
[    0.000000] Faking a node at [mem 0x0000000000000000-0x000000007ffeffff]
[    0.000000] NODE_DATA(0) allocated [mem 0x7ffc5000-0x7ffeffff]
[    0.000000] kvm-clock: cpu 0, msr 0:7ff44001, primary cpu clock
[    0.000000] kvm-clock: Using msrs 4b564d01 and 4b564d00
[    0.000000] kvm-clock: using sched offset of 3781401419 cycles
[    0.000000] clocksource: kvm-clock: mask: 0xffffffffffffffff max_cycles: 0x1cd42e4dffb, max_idle_ns: 881590591483 ns
[    0.000000] Zone ranges:
[    0.000000]   DMA      [mem 0x0000000000001000-0x0000000000ffffff]
[    0.000000]   DMA32    [mem 0x0000000001000000-0x000000007ffeffff]
[    0.000000]   Normal   empty
[    0.000000]   Device   empty
[    0.000000] Movable zone start for each node
[    0.000000] Early memory node ranges
[    0.000000]   node   0: [mem 0x0000000000001000-0x000000000009efff]
[    0.000000]   node   0: [mem 0x0000000000100000-0x000000007ffeffff]
[    0.000000] Reserved but unavailable: 104 pages
[    0.000000] Initmem setup node 0 [mem 0x0000000000001000-0x000000007ffeffff]
[    0.000000] ACPI: PM-Timer IO Port: 0x4008
[    0.000000] IOAPIC[0]: apic_id 2, version 32, address 0xfec00000, GSI 0-23
[    0.000000] ACPI: INT_SRC_OVR (bus 0 bus_irq 0 global_irq 2 dfl dfl)
[    0.000000] ACPI: INT_SRC_OVR (bus 0 bus_irq 9 global_irq 9 low level)
[    0.000000] Using ACPI (MADT) for SMP configuration information
[    0.000000] smpboot: Allowing 2 CPUs, 0 hotplug CPUs
[    0.000000] PM: Registered nosave memory: [mem 0x00000000-0x00000fff]
[    0.000000] PM: Registered nosave memory: [mem 0x0009f000-0x0009ffff]
[    0.000000] PM: Registered nosave memory: [mem 0x000a0000-0x000effff]
[    0.000000] PM: Registered nosave memory: [mem 0x000f0000-0x000fffff]
[    0.000000] e820: [mem 0x80000000-0xfebfffff] available for PCI devices
[    0.000000] Booting paravirtualized kernel on KVM
[    0.000000] clocksource: refined-jiffies: mask: 0xffffffff max_cycles: 0xffffffff, max_idle_ns: 7645519600211568 ns
[    0.000000] setup_percpu: NR_CPUS:8192 nr_cpumask_bits:2 nr_cpu_ids:2 nr_node_ids:1
[    0.000000] percpu: Embedded 50 pages/cpu s167936 r8192 d28672 u1048576
[    0.000000] PV qspinlock hash table entries: 256 (order: 0, 4096 bytes)
[    0.000000] Built 1 zonelists, mobility grouping on.  Total pages: 515961
[    0.000000] Policy zone: DMA32
[    0.000000] Kernel command line: BOOT_IMAGE=/boot/vmlinuz-4.15.0-212-generic root=UUID=89e2ce95-7e07-4798-840d-fe5a6747dd27 ro console=tty1 console=ttyS0
[    0.000000] Memory: 2013968K/2096696K available (12300K kernel code, 2477K rwdata, 4324K rodata, 2480K init, 2720K bss, 82728K reserved, 0K cma-reserved)
[    0.000000] SLUB: HWalign=64, Order=0-3, MinObjects=0, CPUs=2, Nodes=1
[    0.000000] ftrace: allocating 39508 entries in 155 pages
[    0.004000] Hierarchical RCU implementation.
[    0.004000] 	RCU restricting CPUs from NR_CPUS=8192 to nr_cpu_ids=2.
[    0.004000] 	Tasks RCU enabled.
[    0.004000] RCU: Adjusting geometry for rcu_fanout_leaf=16, nr_cpu_ids=2
[    0.004000] NR_IRQS: 524544, nr_irqs: 440, preallocated irqs: 16
[    0.004000] random: crng init done
[    0.004000] Console: colour VGA+ 80x25
[    0.004000] console [tty1] enabled
[    0.004000] console [ttyS0] enabled
[    0.004000] ACPI: Core revision 20170831
[    0.004000] ACPI: 2 ACPI AML tables successfully acquired and loaded
[    0.004000] APIC: Switch to symmetric I/O mode setup
[    0.004000] x2apic enabled
[    0.004000] Switched APIC routing to physical x2apic.
[    0.004000] ..TIMER: vector=0x30 apic1=0 pin1=2 apic2=-1 pin2=-1
[    0.004000] tsc: Detected 3699.996 MHz processor
[    0.004000] Calibrating delay loop (skipped) preset value.. 7399.99 BogoMIPS (lpj=14799984)
[    0.004000] pid_max: default: 32768 minimum: 301
[    0.004000] Security Framework initialized
[    0.004000] Yama: becoming mindful.
[    0.004000] AppArmor: AppArmor initialized
[    0.004000] Dentry cache hash table entries: 262144 (order: 9, 2097152 bytes)
[    0.004000] Inode-cache hash table entries: 131072 (order: 8, 1048576 bytes)
[    0.004000] Mount-cache hash table entries: 4096 (order: 3, 32768 bytes)
[    0.004000] Mountpoint-cache hash table entries: 4096 (order: 3, 32768 bytes)
[    0.004000] Last level iTLB entries: 4KB 1024, 2MB 1024, 4MB 512
[    0.004000] Last level dTLB entries: 4KB 1536, 2MB 1536, 4MB 768, 1GB 0
[    0.004000] Spectre V1 : Mitigation: usercopy/swapgs barriers and __user pointer sanitization
[    0.004000] Spectre V2 : Mitigation: Retpolines
[    0.004000] Spectre V2 : Spectre v2 / SpectreRSB mitigation: Filling RSB on context switch
[    0.004000] Spectre V2 : Spectre v2 / SpectreRSB : Filling RSB on VMEXIT
[    0.004000] RETBleed: Vulnerable
[    0.004000] Freeing SMP alternatives memory: 36K
[    0.119934] APIC calibration not consistent with PM-Timer: 105ms instead of 100ms
[    0.120000] APIC delta adjusted to PM-Timer: 6373017 (6746385)
[    0.120037] smpboot: CPU0: AMD Ryzen 5 3400G with Radeon Vega Graphics (family: 0x17, model: 0x18, stepping: 0x1)
[    0.121196] Performance Events: PMU not available due to virtualization, using software events only.
[    0.122197] Hierarchical SRCU implementation.
[    0.123069] NMI watchdog: Perf event create on CPU 0 failed with -2
[    0.123731] NMI watchdog: Perf NMI watchdog permanently disabled
[    0.124036] smp: Bringing up secondary CPUs ...
[    0.124622] x86: Booting SMP configuration:
[    0.125071] .... node  #0, CPUs:      #1
[    0.004000] kvm-clock: cpu 1, msr 0:7ff44041, secondary cpu clock
[    0.128019] smp: Brought up 1 node, 2 CPUs
[    0.128494] smpboot: Max logical packages: 1
[    0.129006] smpboot: Total of 2 processors activated (14799.98 BogoMIPS)
[    0.129815] devtmpfs: initialized
[    0.129815] x86/mm: Memory block size: 128MB
[    0.129815] evm: security.selinux
[    0.129815] evm: security.SMACK64
[    0.129815] evm: security.SMACK64EXEC
[    0.130161] evm: security.SMACK64TRANSMUTE
[    0.132008] evm: security.SMACK64MMAP
[    0.132448] evm: security.apparmor
[    0.132856] evm: security.ima
[    0.133210] evm: security.capability
[    0.133648] clocksource: jiffies: mask: 0xffffffff max_cycles: 0xffffffff, max_idle_ns: 7645041785100000 ns
[    0.133648] futex hash table entries: 512 (order: 3, 32768 bytes)
[    0.136114] pinctrl core: initialized pinctrl subsystem
[    0.136937] RTC time: 23:31:42, date: 06/14/23
[    0.137658] NET: Registered protocol family 16
[    0.138189] audit: initializing netlink subsys (disabled)
[    0.140015] audit: type=2000 audit(1686785507.625:1): state=initialized audit_enabled=0 res=1
[    0.140118] cpuidle: using governor ladder
[    0.140510] cpuidle: using governor menu
[    0.140571] ACPI: bus type PCI registered
[    0.140571] acpiphp: ACPI Hot Plug PCI Controller Driver version: 0.5
[    0.141184] PCI: Using configuration type 1 for base access
[    0.141750] PCI: Using configuration type 1 for extended access
[    0.144907] HugeTLB registered 2.00 MiB page size, pre-allocated 0 pages
[    0.144907] ACPI: Added _OSI(Module Device)
[    0.144907] ACPI: Added _OSI(Processor Device)
[    0.145269] ACPI: Added _OSI(3.0 _SCP Extensions)
[    0.148007] ACPI: Added _OSI(Processor Aggregator Device)
[    0.148561] ACPI: Added _OSI(Linux-Dell-Video)
[    0.149047] ACPI: Added _OSI(Linux-Lenovo-NV-HDMI-Audio)
[    0.149599] ACPI: Added _OSI(Linux-HPI-Hybrid-Graphics)
[    0.150270] ACPI: Executed 1 blocks of module-level executable AML code
[    0.153625] ACPI: Interpreter enabled
[    0.154079] ACPI: (supports S0 S5)
[    0.154442] ACPI: Using IOAPIC for interrupt routing
[    0.155132] PCI: Using host bridge windows from ACPI; if necessary, use "pci=nocrs" and report a bug
[    0.156000] ACPI: Enabled 2 GPEs in block 00 to 07
[    0.157674] ACPI: PCI Root Bridge [PCI0] (domain 0000 [bus 00-ff])
[    0.158362] acpi PNP0A03:00: _OSC: OS supports [ExtendedConfig ASPM ClockPM Segments MSI]
[    0.160795] acpi PNP0A03:00: _OSC: platform does not support [PCIeCapability]
[    0.161911] acpi PNP0A03:00: _OSC: not requesting control; platform does not support [PCIeCapability]
[    0.162907] acpi PNP0A03:00: _OSC: OS requested [PCIeHotplug PME AER PCIeCapability]
[    0.164005] acpi PNP0A03:00: _OSC: platform willing to grant [PCIeHotplug PME AER]
[    0.165243] acpi PNP0A03:00: _OSC failed (AE_SUPPORT); disabling ASPM
[    0.166196] PCI host bridge to bus 0000:00
[    0.166662] pci_bus 0000:00: root bus resource [io  0x0000-0x0cf7 window]
[    0.167385] pci_bus 0000:00: root bus resource [io  0x0d00-0xffff window]
[    0.168004] pci_bus 0000:00: root bus resource [mem 0x000a0000-0x000bffff window]
[    0.168803] pci_bus 0000:00: root bus resource [mem 0x80000000-0xfdffffff window]
[    0.169597] pci_bus 0000:00: root bus resource [bus 00-ff]
[    0.172006] pci 0000:00:01.1: legacy IDE quirk: reg 0x10: [io  0x01f0-0x01f7]
[    0.172748] pci 0000:00:01.1: legacy IDE quirk: reg 0x14: [io  0x03f6]
[    0.173428] pci 0000:00:01.1: legacy IDE quirk: reg 0x18: [io  0x0170-0x0177]
[    0.174178] pci 0000:00:01.1: legacy IDE quirk: reg 0x1c: [io  0x0376]
[    0.195540] pci 0000:00:07.0: quirk: [io  0x4000-0x403f] claimed by PIIX4 ACPI
[    0.196012] pci 0000:00:07.0: quirk: [io  0x4100-0x410f] claimed by PIIX4 SMB
[    0.205466] ACPI: PCI Interrupt Link [LNKA] (IRQs 5 9 10 *11)
[    0.206377] ACPI: PCI Interrupt Link [LNKB] (IRQs 5 9 *10 11)
[    0.207013] ACPI: PCI Interrupt Link [LNKC] (IRQs 5 *9 10 11)
[    0.207656] ACPI: PCI Interrupt Link [LNKD] (IRQs 5 9 10 *11)
[    0.208216] SCSI subsystem initialized
[    0.208622] pci 0000:00:02.0: vgaarb: setting as boot VGA device
[    0.208622] pci 0000:00:02.0: vgaarb: VGA device added: decodes=io+mem,owns=io+mem,locks=none
[    0.209443] pci 0000:00:02.0: vgaarb: bridge control possible
[    0.210015] vgaarb: loaded
[    0.210328] ACPI: bus type USB registered
[    0.212019] usbcore: registered new interface driver usbfs
[    0.212606] usbcore: registered new interface driver hub
[    0.213164] usbcore: registered new device driver usb
[    0.213713] EDAC MC: Ver: 3.0.0
[    0.213713] PCI: Using ACPI for IRQ routing
[    0.213713] NetLabel: Initializing
[    0.213713] NetLabel:  domain hash size = 128
[    0.216016] NetLabel:  protocols = UNLABELED CIPSOv4 CALIPSO
[    0.216660] NetLabel:  unlabeled traffic allowed by default
[    0.217229] clocksource: Switched to clocksource kvm-clock
[    0.221924] VFS: Disk quotas dquot_6.6.0
[    0.221924] VFS: Dquot-cache hash table entries: 512 (order 0, 4096 bytes)
[    0.221924] AppArmor: AppArmor Filesystem Enabled
[    0.221924] pnp: PnP ACPI init
[    0.221924] pnp: PnP ACPI: found 3 devices
[    0.234754] clocksource: acpi_pm: mask: 0xffffff max_cycles: 0xffffff, max_idle_ns: 2085701024 ns
[    0.235785] NET: Registered protocol family 2
[    0.236295] IP idents hash table entries: 32768 (order: 6, 262144 bytes)
[    0.237209] TCP established hash table entries: 16384 (order: 5, 131072 bytes)
[    0.238016] TCP bind hash table entries: 16384 (order: 6, 262144 bytes)
[    0.238877] TCP: Hash tables configured (established 16384 bind 16384)
[    0.239646] UDP hash table entries: 1024 (order: 3, 32768 bytes)
[    0.240286] UDP-Lite hash table entries: 1024 (order: 3, 32768 bytes)
[    0.241019] NET: Registered protocol family 1
[    0.241182] pci 0000:00:00.0: Limiting direct PCI/PCI transfers
[    0.241182] pci 0000:00:01.0: Activating ISA DMA hang workarounds
[    0.241182] pci 0000:00:02.0: Video device with shadowed ROM at [mem 0x000c0000-0x000dffff]
[    0.241182] Unpacking initramfs...
[    0.241182] Freeing initrd memory: 20396K
[    0.241182] clocksource: tsc: mask: 0xffffffffffffffff max_cycles: 0x6aaaa371c79, max_idle_ns: 881590671907 ns
[    0.241182] platform rtc_cmos: registered platform RTC device (no PNP device found)
[    0.241182] Scanning for low memory corruption every 60 seconds
[    0.468391] Initialise system trusted keyrings
[    0.468875] Key type blacklist registered
[    0.469363] workingset: timestamp_bits=36 max_order=19 bucket_order=0
[    0.471086] zbud: loaded
[    0.471934] squashfs: version 4.0 (2009/01/31) Phillip Lougher
[    0.472697] fuse init (API version 7.26)
[    0.475780] Key type asymmetric registered
[    0.476403] Asymmetric key parser 'x509' registered
[    0.476939] Block layer SCSI generic (bsg) driver version 0.4 loaded (major 246)
[    0.477758] io scheduler noop registered
[    0.478195] io scheduler deadline registered
[    0.478803] io scheduler cfq registered (default)
[    0.479764] ACPI: AC Adapter [AC] (on-line)
[    0.480350] input: Power Button as /devices/LNXSYSTM:00/LNXPWRBN:00/input/input0
[    0.481244] ACPI: Power Button [PWRF]
[    0.481726] input: Sleep Button as /devices/LNXSYSTM:00/LNXSLPBN:00/input/input1
[    0.482487] ACPI: Sleep Button [SLPF]
[    0.483149] Serial: 8250/16550 driver, 32 ports, IRQ sharing enabled
[    0.504193] 00:02: ttyS0 at I/O 0x3f8 (irq = 4, base_baud = 115200) is a 16550A
[    0.506967] Linux agpgart interface v0.103
[    0.508724] loop: module loaded
[    0.509622] scsi host0: ata_piix
[    0.510167] scsi host1: ata_piix
[    0.510590] ata1: PATA max UDMA/33 cmd 0x1f0 ctl 0x3f6 bmdma 0xd000 irq 14
[    0.511317] ata2: PATA max UDMA/33 cmd 0x170 ctl 0x376 bmdma 0xd008 irq 15
[    0.512254] tun: Universal TUN/TAP device driver, 1.6
[    0.512873] PPP generic driver version 2.4.2
[    0.513451] ehci_hcd: USB 2.0 'Enhanced' Host Controller (EHCI) Driver
[    0.514235] ehci-pci: EHCI PCI platform driver
[    0.514771] ehci-platform: EHCI generic platform driver
[    0.515450] ohci_hcd: USB 1.1 'Open' Host Controller (OHCI) Driver
[    0.516211] ohci-pci: OHCI PCI platform driver
[    0.516780] ohci-platform: OHCI generic platform driver
[    0.517381] uhci_hcd: USB Universal Host Controller Interface driver
[    0.518162] i8042: PNP: PS/2 Controller [PNP0303:PS2K,PNP0f03:PS2M] at 0x60,0x64 irq 1,12
[    0.519478] serio: i8042 KBD port at 0x60,0x64 irq 1
[    0.520074] serio: i8042 AUX port at 0x60,0x64 irq 12
[    0.520837] mousedev: PS/2 mouse device common for all mice
[    0.521848] input: AT Translated Set 2 keyboard as /devices/platform/i8042/serio0/input/input2
[    0.522980] rtc_cmos rtc_cmos: rtc core: registered rtc_cmos as rtc0
[    0.523740] rtc_cmos rtc_cmos: alarms up to one day, 114 bytes nvram
[    0.524515] i2c /dev entries driver
[    0.524968] device-mapper: uevent: version 1.0.3
[    0.525680] device-mapper: ioctl: 4.37.0-ioctl (2017-09-20) initialised: dm-devel@redhat.com
[    0.526588] ledtrig-cpu: registered to indicate activity on CPUs
[    0.527518] NET: Registered protocol family 10
[    0.530509] Segment Routing with IPv6
[    0.531001] NET: Registered protocol family 17
[    0.531543] Key type dns_resolver registered
[    0.532271] mce: Using 0 MCE banks
[    0.532664] RAS: Correctable Errors collector initialized.
[    0.533242] sched_clock: Marking stable (532248530, 0)->(644220000, -111971470)
[    0.534235] registered taskstats version 1
[    0.534683] Loading compiled-in X.509 certificates
[    0.536839] Loaded X.509 cert 'Build time autogenerated kernel key: b5b26778eaa3ab3a4a6cee031137706e947d12ad'
[    0.538376] Loaded X.509 cert 'Canonical Ltd. Live Patch Signing: 14df34d1a87cf37625abec039ef2bf521249b969'
[    0.539850] Loaded X.509 cert 'Canonical Ltd. Kernel Module Signing: 88f752e560a1e0737e31163a466ad7b70a850c19'
[    0.540968] blacklist: Loading compiled-in revocation X.509 certificates
[    0.541725] Loaded X.509 cert 'Canonical Ltd. Secure Boot Signing: 61482aa2830d0ab2ad5af10b7250da9033ddcef0'
[    0.542764] Loaded X.509 cert 'Canonical Ltd. Secure Boot Signing (2017): 242ade75ac4a15e50d50c84b0d45ff3eae707a03'
[    0.543851] Loaded X.509 cert 'Canonical Ltd. Secure Boot Signing (ESM 2018): 365188c1d374d6b07c3c8f240f8ef722433d6a8b'
[    0.545014] Loaded X.509 cert 'Canonical Ltd. Secure Boot Signing (2019): c0746fd6c5da3ae827864651ad66ae47fe24b3e8'
[    0.546075] Loaded X.509 cert 'Canonical Ltd. Secure Boot Signing (2021 v1): a8d54bbb3825cfb94fa13c9f8a594a195c107b8d'
[    0.547141] Loaded X.509 cert 'Canonical Ltd. Secure Boot Signing (2021 v2): 4cf046892d6fd3c9a5b03f98d845f90851dc6a8c'
[    0.548284] Loaded X.509 cert 'Canonical Ltd. Secure Boot Signing (2021 v3): 100437bb6de6e469b581e61cd66bce3ef4ed53af'
[    0.549471] Loaded X.509 cert 'Canonical Ltd. Secure Boot Signing (Ubuntu Core 2019): c1d57b8f6b743f23ee41f4f7ee292f06eecadfb9'
[    0.550664] zswap: loaded using pool lzo/zbud
[    0.553282] Key type big_key registered
[    0.553705] Key type trusted registered
[    0.555162] Key type encrypted registered
[    0.555592] AppArmor: AppArmor sha1 policy hashing enabled
[    0.556139] ima: No TPM chip found, activating TPM-bypass! (rc=-19)
[    0.556790] ima: Allocated hash algorithm: sha1
[    0.557264] evm: HMAC attrs: 0x1
[    0.557726]   Magic number: 11:969:554
[    0.558187] rtc_cmos rtc_cmos: setting system clock to 2023-06-14 23:31:42 UTC (1686785502)
[    0.559114] BIOS EDD facility v0.16 2004-Jun-25, 0 devices found
[    0.559724] EDD information not available.
[    0.699837] Freeing unused kernel image memory: 2480K
[    0.712111] Write protecting the kernel read-only data: 20480k
[    0.713402] Freeing unused kernel image memory: 2008K
[    0.714460] Freeing unused kernel image memory: 1820K
[    0.721950] x86/mm: Checked W+X mappings: passed, no W+X pages found.
Loading, please wait...
starting version 237
[    0.765531] e1000: Intel(R) PRO/1000 Network Driver - version 7.3.21-k8-NAPI
[    0.766347] e1000: Copyright (c) 1999-2006 Intel Corporation.
[    0.767044] Fusion MPT base driver 3.04.20
[    0.767746] Copyright (c) 1999-2008 LSI Corporation
[    0.770895] Fusion MPT SPI Host driver 3.04.20
[    0.778543] AVX2 version of gcm_enc/dec engaged.
[    0.779125] AES CTR mode by8 optimization enabled
[    0.973572] input: ImExPS/2 Generic Explorer Mouse as /devices/platform/i8042/serio1/input/input4
[    1.095301] e1000 0000:00:03.0 eth0: (PCI:33MHz:32-bit) 02:3e:6f:b6:28:d7
[    1.096208] e1000 0000:00:03.0 eth0: Intel(R) PRO/1000 Network Connection
[    1.097914] mptbase: ioc0: Initiating bringup
[    1.098116] e1000 0000:00:03.0 enp0s3: renamed from eth0
[    1.208448] ioc0: LSI53C1030 A0: Capabilities={Initiator}
[    1.465327] scsi host2: ioc0: LSI53C1030 A0, FwRev=00000000h, Ports=1, MaxQ=256, IRQ=20
[    1.635485] scsi 2:0:0:0: Direct-Access     VBOX     HARDDISK         1.0  PQ: 0 ANSI: 5
[    1.668128] scsi target2:0:0: Beginning Domain Validation
[    1.669750] scsi target2:0:0: Domain Validation skipping write tests
[    1.670755] scsi target2:0:0: Ending Domain Validation
[    1.671616] scsi target2:0:0: asynchronous
[    1.672697] scsi 2:0:1:0: Direct-Access     VBOX     HARDDISK         1.0  PQ: 0 ANSI: 5
[    1.704084] scsi target2:0:1: Beginning Domain Validation
[    1.705791] scsi target2:0:1: Domain Validation skipping write tests
[    1.706822] scsi target2:0:1: Ending Domain Validation
[    1.707705] scsi target2:0:1: asynchronous
[    1.711366] sd 2:0:0:0: Attached scsi generic sg0 type 0
[    1.712413] sd 2:0:1:0: [sdb] 20480 512-byte logical blocks: (10.5 MB/10.0 MiB)
[    1.713317] sd 2:0:0:0: [sda] 83886080 512-byte logical blocks: (42.9 GB/40.0 GiB)
[    1.713332] sd 2:0:1:0: [sdb] Write Protect is off
[    1.714460] sd 2:0:1:0: Attached scsi generic sg1 type 0
[    1.715718] sd 2:0:0:0: [sda] Write Protect is off
[    1.716404] sd 2:0:1:0: [sdb] Incomplete mode parameter data
[    1.716461] sd 2:0:0:0: [sda] Incomplete mode parameter data
[    1.717278] sd 2:0:1:0: [sdb] Assuming drive cache: write through
[    1.717878] sd 2:0:0:0: [sda] Assuming drive cache: write through
[    1.737598]  sda: sda1
[    1.738547] sd 2:0:0:0: [sda] Attached SCSI disk
[    1.781442] sd 2:0:1:0: [sdb] Attached SCSI disk
Begin: Loading essential drivers ... [    3.172146] raid6: sse2x1   gen()  8523 MB/s
[    3.221693] raid6: sse2x1   xor()  7628 MB/s
[    3.268148] raid6: sse2x2   gen() 14328 MB/s
[    3.316060] raid6: sse2x2   xor()  8439 MB/s
[    3.364125] raid6: sse2x4   gen() 13399 MB/s
[    3.412155] raid6: sse2x4   xor()  7692 MB/s
[    3.460137] raid6: avx2x1   gen() 14009 MB/s
[    3.508149] raid6: avx2x1   xor() 10587 MB/s
[    3.556128] raid6: avx2x2   gen() 17920 MB/s
[    3.604164] raid6: avx2x2   xor() 11558 MB/s
[    3.652125] raid6: avx2x4   gen() 18428 MB/s
[    3.701711] raid6: avx2x4   xor() 11025 MB/s
[    3.702361] raid6: using algorithm avx2x4 gen() 18428 MB/s
[    3.703123] raid6: .... xor() 11025 MB/s, rmw enabled
[    3.703870] raid6: using avx2x2 recovery algorithm
[    3.705784] xor: automatically using best checksumming function   avx       
[    3.707980] async_tx: api initialized (async)
done.
Begin: Running /scripts/init-premount ... done.
Begin: Mounting root file system ... Begin: Running /scripts/local-top ... done.
Begin: Running /scripts/local-premount ... [    3.753006] Btrfs loaded, crc32c=crc32c-intel
Scanning for Btrfs filesystems
done.
Begin: Will now check root file system ... fsck from util-linux 2.31.1
[/sbin/fsck.ext4 (1) -- /dev/sda1] fsck.ext4 -a -C0 /dev/sda1 
cloudimg-rootfs: clean, 163317/5120000 files, 1284329/10485499 blocks
done.
[    3.897909] EXT4-fs (sda1): mounted filesystem with ordered data mode. Opts: (null)
done.
Begin: Running /scripts/local-bottom ... done.
Begin: Running /scripts/init-bottom ... done.
[    5.280229] ip_tables: (C) 2000-2006 Netfilter Core Team
[    5.412750] systemd[1]: systemd 237 running in system mode. (+PAM +AUDIT +SELINUX +IMA +APPARMOR +SMACK +SYSVINIT +UTMP +LIBCRYPTSETUP +GCRYPT +GNUTLS +ACL +XZ +LZ4 +SECCOMP +BLKID +ELFUTILS +KMOD -IDN2 +IDN -PCRE2 default-hierarchy=hybrid)
[    5.415572] systemd[1]: Detected virtualization oracle.
[    5.416294] systemd[1]: Detected architecture x86-64.

Welcome to [1mUbuntu 18.04.6 LTS[0m!

[    5.439760] systemd[1]: Set hostname to <ubuntu-bionic>.
[    7.405383] systemd[1]: Reached target Swap.
[[0;32m  OK  [0m] Reached target Swap.
[    7.407351] systemd[1]: Created slice System Slice.
[[0;32m  OK  [0m] Created slice System Slice.
[    7.408395] systemd[1]: Listening on Journal Socket.
[[0;32m  OK  [0m] Listening on Journal Socket.
[    7.409158] systemd[1]: Reached target Mounting snaps.
[[0;32m  OK  [0m] Reached target Mounting snaps.
[    7.410459] systemd[1]: Starting Create list of required static device nodes for the current kernel...
         Starting Create list of required st…ce nodes for the current kernel...
[    7.411825] systemd[1]: Listening on LVM2 metadata daemon socket.
[[0;32m  OK  [0m] Listening on LVM2 metadata daemon socket.
[[0;32m  OK  [0m] Set up automount Arbitrary Executab…rmats File System Automount Point.
[[0;32m  OK  [0m] Listening on Syslog Socket.
[[0;32m  OK  [0m] Created slice system-serial\x2dgetty.slice.
[[0;32m  OK  [0m] Reached target User and Group Name Lookups.
         Starting Set the console keyboard layout...
[[0;32m  OK  [0m] Listening on Journal Audit Socket.
[[0;32m  OK  [0m] Listening on Network Service Netlink Socket.
         Mounting POSIX Message Queue File System...
         Starting Load Kernel Modules...
[[0;32m  OK  [0m] Listening on Device-mapper event daemon FIFOs.
         Starting Uncomplicated firewall...
         Starting Monitoring of LVM2 mirrors…ng dmeventd or progress polling...
         Mounting Kernel Debug File System...
[[0;32m  OK  [0m] Listening on /dev/initctl Compatibility Named Pipe.
[[0;32m  OK  [0m] Listening on udev Kernel Socket.
[[0;32m  OK  [0m] Started Forward Password Requests to Wall Directory Watch.
[[0;32m  OK  [0m] Listening on Journal Socket (/dev/log).
         Starting Journal Service...
[[0;32m  OK  [0m] Reached target Mounted snaps.
[[0;32m  OK  [0m] Listening on fsck to fsckd communication Socket.
[[0;32m  OK  [0m] Reached target System Time Synchronized.
         Starting Remount Root and Kernel File Systems...
[[0;32m  OK  [0m] Created slice User and Session Slice.
[[0;32m  OK  [0m] Reached target Slices.
         Mounting Huge Pages File System...
[[0;32m  OK  [0m] Listening on LVM2 poll daemon socket.
[[0;32m  OK  [0m] Listening on udev Control Socket.
         Starting udev Coldplug all Devices...
[[0;32m  OK  [0m] Started Create list of required sta…vice nodes for the current kernel.
         Starting Create Static Device Nodes in /dev...
[[0;32m  OK  [0m] Started udev Coldplug all Devices.
[[0;32m  OK  [0m] Started Uncomplicated firewall.
[[0;32m  OK  [0m] Started Journal Service.
[[0;32m  OK  [0m] Mounted Huge Pages File System.
[[0;32m  OK  [0m] Mounted POSIX Message Queue File System.
[[0;32m  OK  [0m] Mounted Kernel Debug File System.
[    7.926531] Loading iSCSI transport class v2.0-870.
[    7.997454] EXT4-fs (sda1): re-mounted. Opts: (null)
[[0;32m  OK  [0m] Started Remount Root and Kernel File Systems.
[    8.131010] iscsi: registered transport (tcp)
         Starting Load/Save Random Seed...
         Starting Flush Journal to Persistent Storage...
[[0;32m  OK  [0m] Started Create Static Device Nodes in /dev.
         Starting udev Kernel Device Manager...
[[0;32m  OK  [0m] Started Set the console keyboard layout.
[    8.497362] systemd-journald[412]: Received request to flush runtime journal from PID 1
[[0;32m  OK  [0m] Started LVM2 metadata daemon.
[    8.637546] iscsi: registered transport (iser)
[[0;32m  OK  [0m] Started Load Kernel Modules.
         Starting Apply Kernel Variables...
         Mounting FUSE Control File System...
         Mounting Kernel Configuration File System...
[[0;32m  OK  [0m] Mounted Kernel Configuration File System.
[[0;32m  OK  [0m] Mounted FUSE Control File System.
[[0;32m  OK  [0m] Started Load/Save Random Seed.
[[0;32m  OK  [0m] Started Apply Kernel Variables.
[[0;32m  OK  [0m] Started Monitoring of LVM2 mirrors,…sing dmeventd or progress polling.
[[0;32m  OK  [0m] Reached target Local File Systems (Pre).
[[0;32m  OK  [0m] Reached target Local File Systems.
         Starting Tell Plymouth To Write Out Runtime Data...
         Starting Set console font and keymap...
         Starting ebtables ruleset management...
         Starting AppArmor initialization...
[[0;32m  OK  [0m] Started udev Kernel Device Manager.
[[0;32m  OK  [0m] Started Dispatch Password Requests to Console Directory Watch.
[[0;32m  OK  [0m] Reached target Local Encrypted Volumes.
[[0;32m  OK  [0m] Started Set console font and keymap.
[[0;32m  OK  [0m] Started Tell Plymouth To Write Out Runtime Data.
[[0;32m  OK  [0m] Found device /dev/ttyS0.
[[0;32m  OK  [0m] Listening on Load/Save RF Kill Switch Status /dev/rfkill Watch.
[[0;32m  OK  [0m] Started ebtables ruleset management.
         Mounting Arbitrary Executable File Formats File System...
[[0;32m  OK  [0m] Mounted Arbitrary Executable File Formats File System.
[[0;32m  OK  [0m] Started AppArmor initialization.
         Starting Load AppArmor profiles managed internally by snapd...
[[0;32m  OK  [0m] Started Load AppArmor profiles managed internally by snapd.
[[0;32m  OK  [0m] Started Flush Journal to Persistent Storage.
         Starting Create Volatile Files and Directories...
[[0;32m  OK  [0m] Started Create Volatile Files and Directories.
         Starting Update UTMP about System Boot/Shutdown...
         Starting Initial cloud-init job (pre-networking)...
[[0;32m  OK  [0m] Started Update UTMP about System Boot/Shutdown.
[   21.362409] cloud-init[627]: Cloud-init v. 23.1.2-0ubuntu0~18.04.1 running 'init-local' at Wed, 14 Jun 2023 23:32:02 +0000. Up 20.86 seconds.
[[0;32m  OK  [0m] Started Initial cloud-init job (pre-networking).
[[0;32m  OK  [0m] Reached target Network (Pre).
         Starting Network Service...
[[0;32m  OK  [0m] Started Network Service.
         Starting Network Name Resolution...
         Starting Wait for Network to be Configured...
[[0;32m  OK  [0m] Started Network Name Resolution.
[[0;32m  OK  [0m] Reached target Network.
[[0;32m  OK  [0m] Reached target Host and Network Name Lookups.
[[0;32m  OK  [0m] Started Wait for Network to be Configured.
         Starting Initial cloud-init job (metadata service crawler)...
[   23.963851] cloud-init[755]: Cloud-init v. 23.1.2-0ubuntu0~18.04.1 running 'init' at Wed, 14 Jun 2023 23:32:05 +0000. Up 23.77 seconds.
[   23.965287] cloud-init[755]: ci-info: ++++++++++++++++++++++++++++++++++++++Net device info++++++++++++++++++++++++++++++++++++++
[   23.966091] cloud-init[755]: ci-info: +--------+------+----------------------------+---------------+--------+-------------------+
[   23.966825] cloud-init[755]: ci-info: | Device |  Up  |          Address           |      Mask     | Scope  |     Hw-Address    |
[   23.967518] cloud-init[755]: ci-info: +--------+------+----------------------------+---------------+--------+-------------------+
[   23.968342] cloud-init[755]: ci-info: | enp0s3 | True |         10.0.2.15          | 255.255.255.0 | global | 02:3e:6f:b6:28:d7 |
[   23.980325] cloud-init[755]: ci-info: | enp0s3 | True | fe80::3e:6fff:feb6:28d7/64 |       .       |  link  | 02:3e:6f:b6:28:d7 |
[   23.981123] cloud-init[755]: ci-info: |   lo   | True |         127.0.0.1          |   255.0.0.0   |  host  |         .         |
[   23.981896] cloud-init[755]: ci-info: |   lo   | True |          ::1/128           |       .       |  host  |         .         |
[   23.982808] cloud-init[755]: ci-info: +--------+------+----------------------------+---------------+--------+-------------------+
[   23.983727] cloud-init[755]: ci-info: ++++++++++++++++++++++++++++Route IPv4 info+++++++++++++++++++++++++++++
[   23.984693] cloud-init[755]: ci-info: +-------+-------------+----------+-----------------+-----------+-------+
[   23.985626] cloud-init[755]: ci-info: | Route | Destination | Gateway  |     Genmask     | Interface | Flags |
[   23.986614] cloud-init[755]: ci-info: +-------+-------------+----------+-----------------+-----------+-------+
[   23.987660] cloud-init[755]: ci-info: |   0   |   0.0.0.0   | 10.0.2.2 |     0.0.0.0     |   enp0s3  |   UG  |
[   23.988771] cloud-init[755]: ci-info: |   1   |   10.0.2.0  | 0.0.0.0  |  255.255.255.0  |   enp0s3  |   U   |
[   23.989613] cloud-init[755]: ci-info: |   2   |   10.0.2.2  | 0.0.0.0  | 255.255.255.255 |   enp0s3  |   UH  |
[   23.990344] cloud-init[755]: ci-info: +-------+-------------+----------+-----------------+-----------+-------+
[   23.991030] cloud-init[755]: ci-info: +++++++++++++++++++Route IPv6 info+++++++++++++++++++
[   23.991598] cloud-init[755]: ci-info: +-------+-------------+---------+-----------+-------+
[   23.992283] cloud-init[755]: ci-info: | Route | Destination | Gateway | Interface | Flags |
[   23.993115] cloud-init[755]: ci-info: +-------+-------------+---------+-----------+-------+
[   23.993857] cloud-init[755]: ci-info: |   1   |  fe80::/64  |    ::   |   enp0s3  |   U   |
[   23.994721] cloud-init[755]: ci-info: |   3   |    local    |    ::   |   enp0s3  |   U   |
[   23.995573] cloud-init[755]: ci-info: |   4   |   ff00::/8  |    ::   |   enp0s3  |   U   |
[   23.996146] cloud-init[755]: ci-info: +-------+-------------+---------+-----------+-------+
[[0;32m  OK  [0m] Started Initial cloud-init job (metadata service crawler).
[[0;32m  OK  [0m] Reached target System Initialization.
[[0;32m  OK  [0m] Started ACPI Events Check.
[[0;32m  OK  [0m] Listening on cloud-init hotplug hook socket.
[[0;32m  OK  [0m] Listening on ACPID Listen Socket.
[[0;32m  OK  [0m] Started Ubuntu Advantage Timer for running repeated jobs.
[[0;32m  OK  [0m] Reached target Paths.
         Starting Docker Socket for the API.
[[0;32m  OK  [0m] Listening on Open-iSCSI iscsid Socket.
[[0;32m  OK  [0m] Started Daily apt download activities.
[[0;32m  OK  [0m] Started Daily apt upgrade and clean activities.
         Starting LXD - unix socket.
[[0;32m  OK  [0m] Started Message of the Day.
[[0;32m  OK  [0m] Listening on D-Bus System Message Bus Socket.
         Starting Socket activation for snappy daemon.
[[0;32m  OK  [0m] Started Daily Cleanup of Temporary Directories.
[[0;32m  OK  [0m] Listening on UUID daemon activation socket.
[[0;32m  OK  [0m] Started Discard unused blocks once a week.
[[0;32m  OK  [0m] Reached target Timers.
[[0;32m  OK  [0m] Reached target Network is Online.
         Starting Availability of block devices...
[[0;32m  OK  [0m] Reached target Remote File Systems (Pre).
         Mounting /vagrant...
[[0;32m  OK  [0m] Reached target Cloud-config availability.
[[0;32m  OK  [0m] Listening on Docker Socket for the API.
[[0;32m  OK  [0m] Listening on LXD - unix socket.
[[0;32m  OK  [0m] Listening on Socket activation for snappy daemon.
[[0;32m  OK  [0m] Reached target Sockets.
[[0;32m  OK  [0m] Reached target Basic System.
[[0;32m  OK  [0m] Started FUSE filesystem for LXC.
         Starting LSB: Record successful boot for GRUB...
         Starting System Logging Service...
         Starting Ubuntu FAN network setup...
[[0;32m  OK  [0m] Started irqbalance daemon.
         Starting Login Service...
         Starting containerd container runtime...
[[0;32m  OK  [0m] Started Regular background program processing daemon.
[[0;32m  OK  [0m] Reached target Login Prompts (Pre).
         Starting OpenBSD Secure Shell server...
         Starting Virtualbox guest utils...
         Starting Accounts Service...
[[0;32m  OK  [0m] Started Deferred execution scheduler.
         Starting Dispatcher daemon for systemd-networkd...
         Starting Snap Daemon...
[[0;32m  OK  [0m] Started D-Bus System Message Bus.
         Starting LXD - container startup/shutdown...
[[0;32m  OK  [0m] Started System Logging Service.
[[0;32m  OK  [0m] Started Availability of block devices.
[[0;32m  OK  [0m] Mounted /vagrant.
[[0;32m  OK  [0m] Started Login Service.
[[0;32m  OK  [0m] Started Unattended Upgrades Shutdown.
[[0;32m  OK  [0m] Reached target Remote File Systems.
         Starting Permit User Sessions...
         Starting LSB: automatic crash report generation...
[[0;32m  OK  [0m] Started Ubuntu FAN network setup.
[[0;32m  OK  [0m] Started Permit User Sessions.
         Starting Hold until boot process finishes up...
         Starting Terminate Plymouth Boot Screen...
[[0;32m  OK  [0m] Started Hold until boot process finishes up.
[[0;32m  OK  [0m] Started Serial Getty on ttyS0.
         Starting Set console scheme...
[[0;32m  OK  [0m] Started Terminate Plymouth Boot Screen.
[[0;32m  OK  [0m] Started Set console scheme.
[[0;32m  OK  [0m] Created slice system-getty.slice.
[[0;32m  OK  [0m] Started Getty on tty1.
[[0;32m  OK  [0m] Reached target Login Prompts.
[[0;32m  OK  [0m] Started LSB: Record successful boot for GRUB.
[[0;32m  OK  [0m] Started LSB: automatic crash report generation.
[[0;32m  OK  [0m] Started Virtualbox guest utils.
[[0;32m  OK  [0m] Started OpenBSD Secure Shell server.
[[0;32m  OK  [0m] Started Dispatcher daemon for systemd-networkd.
[[0;32m  OK  [0m] Created slice User Slice of vagrant.

Ubuntu 18.04.6 LTS ubuntu-bionic ttyS0

ubuntu-bionic login: [   41.442314] cloud-init[1645]: Cloud-init v. 23.1.2-0ubuntu0~18.04.1 running 'modules:config' at Wed, 14 Jun 2023 23:32:22 +0000. Up 40.63 seconds.
[   54.731144] cloud-init[2190]: Cloud-init v. 23.1.2-0ubuntu0~18.04.1 running 'modules:final' at Wed, 14 Jun 2023 23:32:36 +0000. Up 54.45 seconds.
[   54.731855] cloud-init[2190]: Cloud-init v. 23.1.2-0ubuntu0~18.04.1 finished at Wed, 14 Jun 2023 23:32:36 +0000. Datasource DataSourceNoCloud [seed=/dev/sdb][dsmode=net].  Up 54.69 seconds
